------------------------------------------------------------------------------------------------------------------------

[2017-11-12 15:30:54 #1 store] 
Database 'D:\3D\OOAD\objectdb-2.7.2_05\db\points.odb' is opened by 10352@Corerid

[2017-11-12 15:30:54 #2 store] 
Configuration path: D:\3D\OOAD\objectdb-2.7.2_05\objectdb.conf

[2017-11-12 15:30:55 #3 type.registry] 
New type testojdb.Point

[2017-11-12 15:30:55 #4 type] 
Type testojdb.Point is not enhanced.

------------------------------------------------------------------------------------------------------------------------

[2017-11-12 15:31:12 #1 store] 
Database 'D:\3D\OOAD\objectdb-2.7.2_05\db\points.odb' has been recovered (tr. 6-8)

[2017-11-12 15:31:12 #2 store] 
Database 'D:\3D\OOAD\objectdb-2.7.2_05\db\points.odb' is opened by 8692@Corerid

[2017-11-12 15:31:12 #3 store] 
Configuration path: D:\3D\OOAD\objectdb-2.7.2_05\objectdb.conf

[2017-11-12 15:31:12 #4 type] 
Type testojdb.Point is not enhanced.

------------------------------------------------------------------------------------------------------------------------

[2017-11-12 15:33:33 #1 store] 
Database 'D:\3D\OOAD\objectdb-2.7.2_05\db\points.odb' has been recovered (tr. 9-9)

[2017-11-12 15:33:33 #2 store] 
Database 'D:\3D\OOAD\objectdb-2.7.2_05\db\points.odb' is opened by 15336@Corerid

[2017-11-12 15:33:33 #3 store] 
Configuration path: D:\3D\OOAD\objectdb-2.7.2_05\objectdb.conf

[2017-11-12 15:33:33 #4 type.registry] 
New type tutorial.Point

[2017-11-12 15:33:33 #5 type] 
Type tutorial.Point is not enhanced.

------------------------------------------------------------------------------------------------------------------------

[2017-11-12 15:35:59 #1 store] 
Database 'D:\3D\OOAD\objectdb-2.7.2_05\db\points.odb' has been recovered (tr. 10-11)

[2017-11-12 15:35:59 #2 store] 
Database 'D:\3D\OOAD\objectdb-2.7.2_05\db\points.odb' is opened by 8000@Corerid

[2017-11-12 15:35:59 #3 store] 
Configuration path: D:\3D\OOAD\objectdb-2.7.2_05\objectdb.conf

[2017-11-12 15:36:00 #4 type] 
Type tutorial.Point is not enhanced.

------------------------------------------------------------------------------------------------------------------------

[2017-11-12 15:51:51 #1 store] 
Database 'D:\3D\OOAD\objectdb-2.7.2_05\db\points.odb' has been recovered (tr. 12-12)

[2017-11-12 15:51:51 #2 store] 
Database 'D:\3D\OOAD\objectdb-2.7.2_05\db\points.odb' is opened by 16000@Corerid

[2017-11-12 15:51:51 #3 store] 
Configuration path: D:\3D\OOAD\objectdb-2.7.2_05\objectdb.conf

[2017-11-12 15:51:51 #4 type] 
Type tutorial.Point is not enhanced.

------------------------------------------------------------------------------------------------------------------------

[2017-11-12 15:54:08 #1 store] 
Database 'D:\3D\OOAD\objectdb-2.7.2_05\db\points.odb' is opened by 16960@Corerid

[2017-11-12 15:54:08 #2 store] 
Configuration path: D:\3D\OOAD\objectdb-2.7.2_05\objectdb.conf

[2017-11-12 15:54:08 #3 type.registry] 
New type tutorial.Point

[2017-11-12 15:54:08 #4 type] 
Type tutorial.Point is not enhanced.

[2017-11-12 15:54:08 #5 store] 
Database 'D:\3D\OOAD\objectdb-2.7.2_05\db\points.odb' is closed by 16960@Corerid

------------------------------------------------------------------------------------------------------------------------

[2017-11-12 16:16:51 #1 store] 
Database 'D:\3D\OOAD\objectdb-2.7.2_05\db\student.odb' is opened by 10328@Corerid

[2017-11-12 16:16:51 #2 store] 
Configuration path: D:\3D\OOAD\objectdb-2.7.2_05\objectdb.conf

[2017-11-12 16:16:51 #3 type.registry] 
New type testdb.Student

[2017-11-12 16:16:51 #4 type] 
Type testdb.Student is not enhanced.

------------------------------------------------------------------------------------------------------------------------

[2017-11-12 16:28:19 #1 store] 
Database 'D:\3D\OOAD\objectdb-2.7.2_05\db\student.odb' has been recovered (tr. 1-7)

[2017-11-12 16:28:20 #2 store] 
Database 'D:\3D\OOAD\objectdb-2.7.2_05\db\student.odb' is opened by 5740@Corerid

[2017-11-12 16:28:20 #3 store] 
Configuration path: D:\3D\OOAD\objectdb-2.7.2_05\objectdb.conf

[2017-11-12 16:28:20 #4 type] 
Type testdb.Student is not enhanced.

------------------------------------------------------------------------------------------------------------------------

[2017-11-12 16:28:43 #1 store] 
Database 'D:\3D\OOAD\objectdb-2.7.2_05\db\student.odb' has been recovered (tr. 8-11)

[2017-11-12 16:28:43 #2 store] 
Database 'D:\3D\OOAD\objectdb-2.7.2_05\db\student.odb' is opened by 17844@Corerid

[2017-11-12 16:28:43 #3 store] 
Configuration path: D:\3D\OOAD\objectdb-2.7.2_05\objectdb.conf

[2017-11-12 16:28:43 #4 type] 
Type testdb.Student is not enhanced.

